<?xml version="1.0" encoding="UTF-8"?>
<!-- Generated by org.testng.reporters.JUnitXMLReporter -->
<testsuite ignored="0" hostname="DESKTOP-NPK11H1" failures="1" tests="2" name="Test" time="13.338" errors="0" timestamp="2023-11-04T21:07:16 EET">
  <testcase classname="com.omayoproject1.centerpagetest.TextAreaFieldTest" name="textAreaFieldTest" time="4.222"/>
  <testcase classname="com.omayoproject1.centerpagetest.LoginTest" name="loginTest" time="0.461">
    <failure type="java.lang.AssertionError" message="expected [true] but found [false]">
      <![CDATA[java.lang.AssertionError: expected [true] but found [false]
at com.omayoproject1.centerpageobject.LoginPage.loginWithValidUsernameAndPass(LoginPage.java:32)
at com.omayoproject1.centerpagetest.LoginTest.loginTest(LoginTest.java:16)
at java.base/java.util.ArrayList.forEach(ArrayList.java:1511)
... Removed 29 stack frames]]>
    </failure>
  </testcase> <!-- loginTest -->
</testsuite> <!-- Test -->
